<?xml version="1.0" encoding="UTF-8"?>
<!-- Generated by org.testng.reporters.JUnitXMLReporter -->
<testsuite hostname="STI-D01-YOGESHA" ignored="0" name=" Smoke suite" tests="2" failures="1" timestamp="02 Jan 2018 09:40:09 GMT" time="78.563" errors="0">
  <testcase name="HomePageTest" time="5.401" classname="com.pa.qa.testcases.HomePageTestCase">
    <failure type="java.lang.AssertionError" message="expected [true] but found [false]">
      <![CDATA[java.lang.AssertionError: expected [true] but found [false]
	at com.pa.qa.pages.HomePage.VerifyHomePageSlides(HomePage.java:48)
	at com.pa.qa.testcases.HomePageTestCase.HomePageTest(HomePageTestCase.java:35)
... Removed 29 stack frames]]>
    </failure>
  </testcase> <!-- HomePageTest -->
  <testcase name="HomePageNavigateTest" time="11.248" classname="com.pa.qa.testcases.HomePageImageNavigateTest"/>
</testsuite> <!--  Smoke suite -->
